# JRE version: Java(TM) SE Runtime Environment 18.9 (11.0.23+7) (build 11.0.23+7-LTS-222)
# Java VM: Java HotSpot(TM) 64-Bit Server VM 18.9 (11.0.23+7-LTS-222, mixed mode, tiered, compressed oops, g1 gc, windows-amd64)
Heap:
 garbage-first heap   total 310272K, used 40036K [0x0000000704600000, 0x0000000800000000)
  region size 1024K, 34 young (34816K), 16 survivors (16384K)
 Metaspace       used 59832K, capacity 61459K, committed 61564K, reserved 1101824K
  class space    used 7700K, capacity 8342K, committed 8396K, reserved 1048576K
GC Heap History (10 events):
Event: 0.753 GC heap before
{Heap before GC invocations=1 (full 0):
 garbage-first heap   total 258048K, used 46446K [0x0000000704600000, 0x0000000800000000)
  region size 1024K, 43 young (44032K), 3 survivors (3072K)
 Metaspace       used 20713K, capacity 21184K, committed 21296K, reserved 1069056K
  class space    used 2239K, capacity 2404K, committed 2432K, reserved 1048576K
}
Event: 0.757 GC heap after
{Heap after GC invocations=2 (full 0):
 garbage-first heap   total 258048K, used 8475K [0x0000000704600000, 0x0000000800000000)
  region size 1024K, 5 young (5120K), 5 survivors (5120K)
 Metaspace       used 20713K, capacity 21184K, committed 21296K, reserved 1069056K
  class space    used 2239K, capacity 2404K, committed 2432K, reserved 1048576K
}
Event: 1.041 GC heap before
{Heap before GC invocations=3 (full 0):
 garbage-first heap   total 258048K, used 50459K [0x0000000704600000, 0x0000000800000000)
  region size 1024K, 46 young (47104K), 5 survivors (5120K)
 Metaspace       used 25401K, capacity 25981K, committed 26108K, reserved 1073152K
  class space    used 2848K, capacity 3093K, committed 3148K, reserved 1048576K
}
Event: 1.044 GC heap after
{Heap after GC invocations=4 (full 0):
 garbage-first heap   total 258048K, used 10542K [0x0000000704600000, 0x0000000800000000)
  region size 1024K, 5 young (5120K), 5 survivors (5120K)
 Metaspace       used 25401K, capacity 25981K, committed 26108K, reserved 1073152K
  class space    used 2848K, capacity 3093K, committed 3148K, reserved 1048576K
}
Event: 1.727 GC heap before
{Heap before GC invocations=4 (full 0):
 garbage-first heap   total 258048K, used 76078K [0x0000000704600000, 0x0000000800000000)
  region size 1024K, 69 young (70656K), 5 survivors (5120K)
 Metaspace       used 33641K, capacity 34672K, committed 34812K, reserved 1079296K
  class space    used 3959K, capacity 4361K, committed 4428K, reserved 1048576K
}
Event: 1.731 GC heap after
{Heap after GC invocations=5 (full 0):
 garbage-first heap   total 258048K, used 14002K [0x0000000704600000, 0x0000000800000000)
  region size 1024K, 8 young (8192K), 8 survivors (8192K)
 Metaspace       used 33641K, capacity 34672K, committed 34812K, reserved 1079296K
  class space    used 3959K, capacity 4361K, committed 4428K, reserved 1048576K
}
Event: 1.798 GC heap before
{Heap before GC invocations=5 (full 0):
 garbage-first heap   total 258048K, used 23218K [0x0000000704600000, 0x0000000800000000)
  region size 1024K, 18 young (18432K), 8 survivors (8192K)
 Metaspace       used 34874K, capacity 35859K, committed 35964K, reserved 1081344K
  class space    used 4091K, capacity 4501K, committed 4556K, reserved 1048576K
}
Event: 1.803 GC heap after
{Heap after GC invocations=6 (full 0):
 garbage-first heap   total 310272K, used 14761K [0x0000000704600000, 0x0000000800000000)
  region size 1024K, 9 young (9216K), 9 survivors (9216K)
 Metaspace       used 34874K, capacity 35859K, committed 35964K, reserved 1081344K
  class space    used 4091K, capacity 4501K, committed 4556K, reserved 1048576K
}
Event: 3.434 GC heap before
{Heap before GC invocations=7 (full 0):
 garbage-first heap   total 310272K, used 177577K [0x0000000704600000, 0x0000000800000000)
  region size 1024K, 169 young (173056K), 9 survivors (9216K)
 Metaspace       used 58714K, capacity 60229K, committed 60284K, reserved 1101824K
  class space    used 7511K, capacity 8121K, committed 8140K, reserved 1048576K
}
Event: 3.445 GC heap after
{Heap after GC invocations=8 (full 0):
 garbage-first heap   total 310272K, used 22628K [0x0000000704600000, 0x0000000800000000)
  region size 1024K, 16 young (16384K), 16 survivors (16384K)
 Metaspace       used 58714K, capacity 60229K, committed 60284K, reserved 1101824K
  class space    used 7511K, capacity 8121K, committed 8140K, reserved 1048576K
}

