# JRE version: Java(TM) SE Runtime Environment 18.9 (11.0.23+7) (build 11.0.23+7-LTS-222)
# Java VM: Java HotSpot(TM) 64-Bit Server VM 18.9 (11.0.23+7-LTS-222, mixed mode, tiered, compressed oops, g1 gc, windows-amd64)
Heap:
 garbage-first heap   total 262144K, used 216433K [0x00000000e0000000, 0x0000000100000000)
  region size 1024K, 138 young (141312K), 16 survivors (16384K)
 Metaspace       used 81811K, capacity 85164K, committed 85288K, reserved 458752K
  class space    used 11060K, capacity 12295K, committed 12336K, reserved 385024K
GC Heap History (10 events):
Event: 3.446 GC heap before
{Heap before GC invocations=7 (full 0):
 garbage-first heap   total 262144K, used 188563K [0x00000000e0000000, 0x0000000100000000)
  region size 1024K, 153 young (156672K), 7 survivors (7168K)
 Metaspace       used 47590K, capacity 49068K, committed 49200K, reserved 428032K
  class space    used 6267K, capacity 6848K, committed 6960K, reserved 385024K
}
Event: 3.453 GC heap after
{Heap after GC invocations=8 (full 0):
 garbage-first heap   total 262144K, used 42835K [0x00000000e0000000, 0x0000000100000000)
  region size 1024K, 15 young (15360K), 15 survivors (15360K)
 Metaspace       used 47590K, capacity 49068K, committed 49200K, reserved 428032K
  class space    used 6267K, capacity 6848K, committed 6960K, reserved 385024K
}
Event: 4.242 GC heap before
{Heap before GC invocations=8 (full 0):
 garbage-first heap   total 262144K, used 198483K [0x00000000e0000000, 0x0000000100000000)
  region size 1024K, 153 young (156672K), 15 survivors (15360K)
 Metaspace       used 56599K, capacity 58767K, committed 58928K, reserved 436224K
  class space    used 7638K, capacity 8420K, committed 8496K, reserved 385024K
}
Event: 4.248 GC heap after
{Heap after GC invocations=9 (full 0):
 garbage-first heap   total 262144K, used 64346K [0x00000000e0000000, 0x0000000100000000)
  region size 1024K, 17 young (17408K), 17 survivors (17408K)
 Metaspace       used 56599K, capacity 58767K, committed 58928K, reserved 436224K
  class space    used 7638K, capacity 8420K, committed 8496K, reserved 385024K
}
Event: 4.299 GC heap before
{Heap before GC invocations=9 (full 0):
 garbage-first heap   total 262144K, used 73562K [0x00000000e0000000, 0x0000000100000000)
  region size 1024K, 27 young (27648K), 17 survivors (17408K)
 Metaspace       used 57557K, capacity 59663K, committed 59816K, reserved 436224K
  class space    used 7778K, capacity 8548K, committed 8624K, reserved 385024K
}
Event: 4.305 GC heap after
{Heap after GC invocations=10 (full 0):
 garbage-first heap   total 262144K, used 65170K [0x00000000e0000000, 0x0000000100000000)
  region size 1024K, 10 young (10240K), 10 survivors (10240K)
 Metaspace       used 57557K, capacity 59663K, committed 59816K, reserved 436224K
  class space    used 7778K, capacity 8548K, committed 8624K, reserved 385024K
}
Event: 7.085 GC heap before
{Heap before GC invocations=11 (full 0):
 garbage-first heap   total 262144K, used 209554K [0x00000000e0000000, 0x0000000100000000)
  region size 1024K, 151 young (154624K), 10 survivors (10240K)
 Metaspace       used 70899K, capacity 73435K, committed 73640K, reserved 448512K
  class space    used 9439K, capacity 10355K, committed 10416K, reserved 385024K
}
Event: 7.090 GC heap after
{Heap after GC invocations=12 (full 0):
 garbage-first heap   total 262144K, used 71936K [0x00000000e0000000, 0x0000000100000000)
  region size 1024K, 16 young (16384K), 16 survivors (16384K)
 Metaspace       used 70899K, capacity 73435K, committed 73640K, reserved 448512K
  class space    used 9439K, capacity 10355K, committed 10416K, reserved 385024K
}
Event: 7.893 GC heap before
{Heap before GC invocations=12 (full 0):
 garbage-first heap   total 262144K, used 211200K [0x00000000e0000000, 0x0000000100000000)
  region size 1024K, 152 young (155648K), 16 survivors (16384K)
 Metaspace       used 76091K, capacity 79123K, committed 79400K, reserved 454656K
  class space    used 10176K, capacity 11268K, committed 11312K, reserved 385024K
}
Event: 7.900 GC heap after
{Heap after GC invocations=13 (full 0):
 garbage-first heap   total 262144K, used 79217K [0x00000000e0000000, 0x0000000100000000)
  region size 1024K, 16 young (16384K), 16 survivors (16384K)
 Metaspace       used 76091K, capacity 79123K, committed 79400K, reserved 454656K
  class space    used 10176K, capacity 11268K, committed 11312K, reserved 385024K
}

