# JRE version: Java(TM) SE Runtime Environment 18.9 (11.0.23+7) (build 11.0.23+7-LTS-222)
# Java VM: Java HotSpot(TM) 64-Bit Server VM 18.9 (11.0.23+7-LTS-222, mixed mode, tiered, compressed oops, g1 gc, windows-amd64)
Heap:
 garbage-first heap   total 310272K, used 16247K [0x0000000704600000, 0x0000000800000000)
  region size 1024K, 10 young (10240K), 10 survivors (10240K)
 Metaspace       used 34695K, capacity 35766K, committed 35920K, reserved 1081344K
  class space    used 4336K, capacity 4787K, committed 4864K, reserved 1048576K
GC Heap History (9 events):
Event: 0.329 GC heap before
{Heap before GC invocations=0 (full 0):
 garbage-first heap   total 258048K, used 24576K [0x0000000704600000, 0x0000000800000000)
  region size 1024K, 24 young (24576K), 0 survivors (0K)
 Metaspace       used 11611K, capacity 11894K, committed 12160K, reserved 1060864K
  class space    used 1204K, capacity 1317K, committed 1408K, reserved 1048576K
}
Event: 0.332 GC heap after
{Heap after GC invocations=1 (full 0):
 garbage-first heap   total 258048K, used 6618K [0x0000000704600000, 0x0000000800000000)
  region size 1024K, 3 young (3072K), 3 survivors (3072K)
 Metaspace       used 11611K, capacity 11894K, committed 12160K, reserved 1060864K
  class space    used 1204K, capacity 1317K, committed 1408K, reserved 1048576K
}
Event: 0.634 GC heap before
{Heap before GC invocations=1 (full 0):
 garbage-first heap   total 258048K, used 54746K [0x0000000704600000, 0x0000000800000000)
  region size 1024K, 51 young (52224K), 3 survivors (3072K)
 Metaspace       used 20600K, capacity 21160K, committed 21296K, reserved 1069056K
  class space    used 2383K, capacity 2598K, committed 2688K, reserved 1048576K
}
Event: 0.638 GC heap after
{Heap after GC invocations=2 (full 0):
 garbage-first heap   total 258048K, used 9107K [0x0000000704600000, 0x0000000800000000)
  region size 1024K, 6 young (6144K), 6 survivors (6144K)
 Metaspace       used 20600K, capacity 21160K, committed 21296K, reserved 1069056K
  class space    used 2383K, capacity 2598K, committed 2688K, reserved 1048576K
}
Event: 0.992 GC heap before
{Heap before GC invocations=3 (full 0):
 garbage-first heap   total 258048K, used 57235K [0x0000000704600000, 0x0000000800000000)
  region size 1024K, 53 young (54272K), 6 survivors (6144K)
 Metaspace       used 24093K, capacity 24847K, committed 24880K, reserved 1071104K
  class space    used 2900K, capacity 3193K, committed 3200K, reserved 1048576K
}
Event: 0.996 GC heap after
{Heap after GC invocations=4 (full 0):
 garbage-first heap   total 258048K, used 11198K [0x0000000704600000, 0x0000000800000000)
  region size 1024K, 5 young (5120K), 5 survivors (5120K)
 Metaspace       used 24093K, capacity 24847K, committed 24880K, reserved 1071104K
  class space    used 2900K, capacity 3193K, committed 3200K, reserved 1048576K
}
Event: 1.496 GC heap before
{Heap before GC invocations=4 (full 0):
 garbage-first heap   total 258048K, used 80830K [0x0000000704600000, 0x0000000800000000)
  region size 1024K, 74 young (75776K), 5 survivors (5120K)
 Metaspace       used 32038K, capacity 33124K, committed 33328K, reserved 1079296K
  class space    used 3977K, capacity 4420K, committed 4480K, reserved 1048576K
}
Event: 1.500 GC heap after
{Heap after GC invocations=5 (full 0):
 garbage-first heap   total 258048K, used 15517K [0x0000000704600000, 0x0000000800000000)
  region size 1024K, 9 young (9216K), 9 survivors (9216K)
 Metaspace       used 32038K, capacity 33124K, committed 33328K, reserved 1079296K
  class space    used 3977K, capacity 4420K, committed 4480K, reserved 1048576K
}
Event: 1.606 GC heap before
{Heap before GC invocations=5 (full 0):
 garbage-first heap   total 258048K, used 30877K [0x0000000704600000, 0x0000000800000000)
  region size 1024K, 25 young (25600K), 9 survivors (9216K)
 Metaspace       used 34695K, capacity 35766K, committed 35920K, reserved 1081344K
  class space    used 4336K, capacity 4787K, committed 4864K, reserved 1048576K
}

