# JRE version: Java(TM) SE Runtime Environment 18.9 (11.0.23+7) (build 11.0.23+7-LTS-222)
# Java VM: Java HotSpot(TM) 64-Bit Server VM 18.9 (11.0.23+7-LTS-222, mixed mode, tiered, compressed oops, g1 gc, windows-amd64)
Heap:
 garbage-first heap   total 310272K, used 14939K [0x0000000704600000, 0x0000000800000000)
  region size 1024K, 9 young (9216K), 9 survivors (9216K)
 Metaspace       used 34866K, capacity 35858K, committed 35964K, reserved 1081344K
  class space    used 4091K, capacity 4501K, committed 4556K, reserved 1048576K
GC Heap History (9 events):
Event: 0.382 GC heap before
{Heap before GC invocations=0 (full 0):
 garbage-first heap   total 258048K, used 24576K [0x0000000704600000, 0x0000000800000000)
  region size 1024K, 24 young (24576K), 0 survivors (0K)
 Metaspace       used 11541K, capacity 11781K, committed 12032K, reserved 1060864K
  class space    used 1121K, capacity 1186K, committed 1280K, reserved 1048576K
}
Event: 0.385 GC heap after
{Heap after GC invocations=1 (full 0):
 garbage-first heap   total 258048K, used 6564K [0x0000000704600000, 0x0000000800000000)
  region size 1024K, 3 young (3072K), 3 survivors (3072K)
 Metaspace       used 11541K, capacity 11781K, committed 12032K, reserved 1060864K
  class space    used 1121K, capacity 1186K, committed 1280K, reserved 1048576K
}
Event: 0.712 GC heap before
{Heap before GC invocations=1 (full 0):
 garbage-first heap   total 258048K, used 46500K [0x0000000704600000, 0x0000000800000000)
  region size 1024K, 43 young (44032K), 3 survivors (3072K)
 Metaspace       used 20704K, capacity 21185K, committed 21296K, reserved 1069056K
  class space    used 2240K, capacity 2404K, committed 2432K, reserved 1048576K
}
Event: 0.716 GC heap after
{Heap after GC invocations=2 (full 0):
 garbage-first heap   total 258048K, used 8562K [0x0000000704600000, 0x0000000800000000)
  region size 1024K, 5 young (5120K), 5 survivors (5120K)
 Metaspace       used 20704K, capacity 21185K, committed 21296K, reserved 1069056K
  class space    used 2240K, capacity 2404K, committed 2432K, reserved 1048576K
}
Event: 0.960 GC heap before
{Heap before GC invocations=3 (full 0):
 garbage-first heap   total 258048K, used 49522K [0x0000000704600000, 0x0000000800000000)
  region size 1024K, 45 young (46080K), 5 survivors (5120K)
 Metaspace       used 25365K, capacity 25981K, committed 26108K, reserved 1073152K
  class space    used 2843K, capacity 3093K, committed 3148K, reserved 1048576K
}
Event: 0.963 GC heap after
{Heap after GC invocations=4 (full 0):
 garbage-first heap   total 258048K, used 10426K [0x0000000704600000, 0x0000000800000000)
  region size 1024K, 4 young (4096K), 4 survivors (4096K)
 Metaspace       used 25365K, capacity 25981K, committed 26108K, reserved 1073152K
  class space    used 2843K, capacity 3093K, committed 3148K, reserved 1048576K
}
Event: 1.627 GC heap before
{Heap before GC invocations=4 (full 0):
 garbage-first heap   total 258048K, used 74938K [0x0000000704600000, 0x0000000800000000)
  region size 1024K, 67 young (68608K), 4 survivors (4096K)
 Metaspace       used 33334K, capacity 34350K, committed 34556K, reserved 1079296K
  class space    used 3932K, capacity 4361K, committed 4428K, reserved 1048576K
}
Event: 1.630 GC heap after
{Heap after GC invocations=5 (full 0):
 garbage-first heap   total 258048K, used 13956K [0x0000000704600000, 0x0000000800000000)
  region size 1024K, 8 young (8192K), 8 survivors (8192K)
 Metaspace       used 33334K, capacity 34350K, committed 34556K, reserved 1079296K
  class space    used 3932K, capacity 4361K, committed 4428K, reserved 1048576K
}
Event: 1.712 GC heap before
{Heap before GC invocations=5 (full 0):
 garbage-first heap   total 258048K, used 25220K [0x0000000704600000, 0x0000000800000000)
  region size 1024K, 20 young (20480K), 8 survivors (8192K)
 Metaspace       used 34866K, capacity 35858K, committed 35964K, reserved 1081344K
  class space    used 4091K, capacity 4501K, committed 4556K, reserved 1048576K
}

